# JRE version: OpenJDK Runtime Environment (23.0.1+11) (build 23.0.1+11-39)
# Java VM: OpenJDK 64-Bit Server VM (23.0.1+11-39, mixed mode, emulated-client, sharing, tiered, compressed oops, compressed class ptrs, g1 gc, windows-amd64)
GC Precious Log:
 CardTable entry size: 512
 Card Set container configuration: InlinePtr #cards 5 size 8 Array Of Cards #cards 10 size 36 Howl #buckets 4 coarsen threshold 1843 Howl Bitmap #cards 512 size 80 coarsen threshold 460 Card regions per heap region 1 cards per card region 2048
 CPUs: 4 total, 4 available
 Memory: 3998M
 Large Page Support: Disabled
 NUMA Support: Disabled
 Compressed Oops: Enabled (32-bit)
 Heap Region Size: 1M
 Heap Min Capacity: 8M
 Heap Initial Capacity: 64M
 Heap Max Capacity: 1000M
 Pre-touch: Disabled
 Parallel Workers: 4
 Concurrent Workers: 1
 Concurrent Refinement Workers: 4
 Periodic GC: Disabled
Heap:
 garbage-first heap   total reserved 1024000K, committed 54272K, used 40442K [0x00000000c1800000, 0x0000000100000000)
  region size 1024K, 23 young (23552K), 4 survivors (4096K)
 Metaspace       used 48018K, committed 48576K, reserved 1114112K
  class space    used 6728K, committed 6976K, reserved 1048576K
GC Heap History (20 events):
Event: 7.413 GC heap before
{Heap before GC invocations=1 (full 0):
 garbage-first heap   total reserved 1024000K, committed 65536K, used 18048K [0x00000000c1800000, 0x0000000100000000)
  region size 1024K, 13 young (13312K), 2 survivors (2048K)
 Metaspace       used 8270K, committed 8576K, reserved 1114112K
  class space    used 1073K, committed 1216K, reserved 1048576K
}
Event: 7.425 GC heap after
{Heap after GC invocations=2 (full 0):
 garbage-first heap   total reserved 1024000K, committed 65536K, used 9033K [0x00000000c1800000, 0x0000000100000000)
  region size 1024K, 2 young (2048K), 2 survivors (2048K)
 Metaspace       used 8270K, committed 8576K, reserved 1114112K
  class space    used 1073K, committed 1216K, reserved 1048576K
}
Event: 9.693 GC heap before
{Heap before GC invocations=2 (full 0):
 garbage-first heap   total reserved 1024000K, committed 65536K, used 35657K [0x00000000c1800000, 0x0000000100000000)
  region size 1024K, 29 young (29696K), 2 survivors (2048K)
 Metaspace       used 15756K, committed 16128K, reserved 1114112K
  class space    used 2103K, committed 2240K, reserved 1048576K
}
Event: 9.703 GC heap after
{Heap after GC invocations=3 (full 0):
 garbage-first heap   total reserved 1024000K, committed 65536K, used 10950K [0x00000000c1800000, 0x0000000100000000)
  region size 1024K, 3 young (3072K), 3 survivors (3072K)
 Metaspace       used 15756K, committed 16128K, reserved 1114112K
  class space    used 2103K, committed 2240K, reserved 1048576K
}
Event: 11.173 GC heap before
{Heap before GC invocations=3 (full 0):
 garbage-first heap   total reserved 1024000K, committed 65536K, used 36550K [0x00000000c1800000, 0x0000000100000000)
  region size 1024K, 30 young (30720K), 3 survivors (3072K)
 Metaspace       used 21153K, committed 21504K, reserved 1114112K
  class space    used 2846K, committed 3008K, reserved 1048576K
}
Event: 11.187 GC heap after
{Heap after GC invocations=4 (full 0):
 garbage-first heap   total reserved 1024000K, committed 65536K, used 13280K [0x00000000c1800000, 0x0000000100000000)
  region size 1024K, 4 young (4096K), 4 survivors (4096K)
 Metaspace       used 21153K, committed 21504K, reserved 1114112K
  class space    used 2846K, committed 3008K, reserved 1048576K
}
Event: 13.549 GC heap before
{Heap before GC invocations=5 (full 0):
 garbage-first heap   total reserved 1024000K, committed 45056K, used 35808K [0x00000000c1800000, 0x0000000100000000)
  region size 1024K, 26 young (26624K), 4 survivors (4096K)
 Metaspace       used 23147K, committed 23552K, reserved 1114112K
  class space    used 3158K, committed 3328K, reserved 1048576K
}
Event: 13.569 GC heap after
{Heap after GC invocations=6 (full 0):
 garbage-first heap   total reserved 1024000K, committed 45056K, used 15328K [0x00000000c1800000, 0x0000000100000000)
  region size 1024K, 2 young (2048K), 2 survivors (2048K)
 Metaspace       used 23147K, committed 23552K, reserved 1114112K
  class space    used 3158K, committed 3328K, reserved 1048576K
}
Event: 14.797 GC heap before
{Heap before GC invocations=6 (full 0):
 garbage-first heap   total reserved 1024000K, committed 45056K, used 33760K [0x00000000c1800000, 0x0000000100000000)
  region size 1024K, 20 young (20480K), 2 survivors (2048K)
 Metaspace       used 25587K, committed 25984K, reserved 1114112K
  class space    used 3549K, committed 3712K, reserved 1048576K
}
Event: 14.814 GC heap after
{Heap after GC invocations=7 (full 0):
 garbage-first heap   total reserved 1024000K, committed 45056K, used 16955K [0x00000000c1800000, 0x0000000100000000)
  region size 1024K, 2 young (2048K), 2 survivors (2048K)
 Metaspace       used 25587K, committed 25984K, reserved 1114112K
  class space    used 3549K, committed 3712K, reserved 1048576K
}
Event: 15.946 GC heap before
{Heap before GC invocations=7 (full 0):
 garbage-first heap   total reserved 1024000K, committed 45056K, used 35387K [0x00000000c1800000, 0x0000000100000000)
  region size 1024K, 20 young (20480K), 2 survivors (2048K)
 Metaspace       used 28830K, committed 29376K, reserved 1114112K
  class space    used 4043K, committed 4288K, reserved 1048576K
}
Event: 15.960 GC heap after
{Heap after GC invocations=8 (full 0):
 garbage-first heap   total reserved 1024000K, committed 45056K, used 18812K [0x00000000c1800000, 0x0000000100000000)
  region size 1024K, 3 young (3072K), 3 survivors (3072K)
 Metaspace       used 28830K, committed 29376K, reserved 1114112K
  class space    used 4043K, committed 4288K, reserved 1048576K
}
Event: 16.931 GC heap before
{Heap before GC invocations=8 (full 0):
 garbage-first heap   total reserved 1024000K, committed 45056K, used 36220K [0x00000000c1800000, 0x0000000100000000)
  region size 1024K, 20 young (20480K), 3 survivors (3072K)
 Metaspace       used 31564K, committed 32128K, reserved 1114112K
  class space    used 4422K, committed 4672K, reserved 1048576K
}
Event: 16.941 GC heap after
{Heap after GC invocations=9 (full 0):
 garbage-first heap   total reserved 1024000K, committed 45056K, used 20098K [0x00000000c1800000, 0x0000000100000000)
  region size 1024K, 2 young (2048K), 2 survivors (2048K)
 Metaspace       used 31564K, committed 32128K, reserved 1114112K
  class space    used 4422K, committed 4672K, reserved 1048576K
}
Event: 17.842 GC heap before
{Heap before GC invocations=9 (full 0):
 garbage-first heap   total reserved 1024000K, committed 45056K, used 36482K [0x00000000c1800000, 0x0000000100000000)
  region size 1024K, 19 young (19456K), 2 survivors (2048K)
 Metaspace       used 35334K, committed 35904K, reserved 1114112K
  class space    used 5035K, committed 5248K, reserved 1048576K
}
Event: 17.847 GC heap after
{Heap after GC invocations=10 (full 0):
 garbage-first heap   total reserved 1024000K, committed 54272K, used 20661K [0x00000000c1800000, 0x0000000100000000)
  region size 1024K, 2 young (2048K), 2 survivors (2048K)
 Metaspace       used 35334K, committed 35904K, reserved 1114112K
  class space    used 5035K, committed 5248K, reserved 1048576K
}
Event: 17.864 GC heap before
{Heap before GC invocations=10 (full 0):
 garbage-first heap   total reserved 1024000K, committed 54272K, used 20661K [0x00000000c1800000, 0x0000000100000000)
  region size 1024K, 3 young (3072K), 2 survivors (2048K)
 Metaspace       used 35395K, committed 35968K, reserved 1114112K
  class space    used 5044K, committed 5312K, reserved 1048576K
}
Event: 17.868 GC heap after
{Heap after GC invocations=11 (full 0):
 garbage-first heap   total reserved 1024000K, committed 54272K, used 20735K [0x00000000c1800000, 0x0000000100000000)
  region size 1024K, 2 young (2048K), 2 survivors (2048K)
 Metaspace       used 35395K, committed 35968K, reserved 1114112K
  class space    used 5044K, committed 5312K, reserved 1048576K
}
Event: 20.372 GC heap before
{Heap before GC invocations=12 (full 0):
 garbage-first heap   total reserved 1024000K, committed 54272K, used 45311K [0x00000000c1800000, 0x0000000100000000)
  region size 1024K, 27 young (27648K), 2 survivors (2048K)
 Metaspace       used 44497K, committed 45056K, reserved 1114112K
  class space    used 6259K, committed 6528K, reserved 1048576K
}
Event: 20.379 GC heap after
{Heap after GC invocations=13 (full 0):
 garbage-first heap   total reserved 1024000K, committed 54272K, used 23034K [0x00000000c1800000, 0x0000000100000000)
  region size 1024K, 4 young (4096K), 4 survivors (4096K)
 Metaspace       used 44497K, committed 45056K, reserved 1114112K
  class space    used 6259K, committed 6528K, reserved 1048576K
}

