# JRE version: OpenJDK Runtime Environment (23.0.1+11) (build 23.0.1+11-39)
# Java VM: OpenJDK 64-Bit Server VM (23.0.1+11-39, mixed mode, emulated-client, sharing, tiered, compressed oops, compressed class ptrs, g1 gc, windows-amd64)
GC Precious Log:
 CardTable entry size: 512
 Card Set container configuration: InlinePtr #cards 5 size 8 Array Of Cards #cards 10 size 36 Howl #buckets 4 coarsen threshold 1843 Howl Bitmap #cards 512 size 80 coarsen threshold 460 Card regions per heap region 1 cards per card region 2048
 CPUs: 4 total, 4 available
 Memory: 3998M
 Large Page Support: Disabled
 NUMA Support: Disabled
 Compressed Oops: Enabled (32-bit)
 Heap Region Size: 1M
 Heap Min Capacity: 8M
 Heap Initial Capacity: 64M
 Heap Max Capacity: 1000M
 Pre-touch: Disabled
 Parallel Workers: 4
 Concurrent Workers: 1
 Concurrent Refinement Workers: 4
 Periodic GC: Disabled
Heap:
 garbage-first heap   total reserved 1024000K, committed 65536K, used 21553K [0x00000000c1800000, 0x0000000100000000)
  region size 1024K, 16 young (16384K), 4 survivors (4096K)
 Metaspace       used 18308K, committed 18624K, reserved 1114112K
  class space    used 2447K, committed 2560K, reserved 1048576K
GC Heap History (6 events):
Event: 3.194 GC heap before
{Heap before GC invocations=0 (full 0):
 garbage-first heap   total reserved 1024000K, committed 65536K, used 15360K [0x00000000c1800000, 0x0000000100000000)
  region size 1024K, 14 young (14336K), 0 survivors (0K)
 Metaspace       used 4511K, committed 4736K, reserved 1114112K
  class space    used 557K, committed 704K, reserved 1048576K
}
Event: 3.210 GC heap after
{Heap after GC invocations=1 (full 0):
 garbage-first heap   total reserved 1024000K, committed 65536K, used 7872K [0x00000000c1800000, 0x0000000100000000)
  region size 1024K, 2 young (2048K), 2 survivors (2048K)
 Metaspace       used 4511K, committed 4736K, reserved 1114112K
  class space    used 557K, committed 704K, reserved 1048576K
}
Event: 4.292 GC heap before
{Heap before GC invocations=1 (full 0):
 garbage-first heap   total reserved 1024000K, committed 65536K, used 18112K [0x00000000c1800000, 0x0000000100000000)
  region size 1024K, 13 young (13312K), 2 survivors (2048K)
 Metaspace       used 8284K, committed 8576K, reserved 1114112K
  class space    used 1077K, committed 1216K, reserved 1048576K
}
Event: 4.304 GC heap after
{Heap after GC invocations=2 (full 0):
 garbage-first heap   total reserved 1024000K, committed 65536K, used 9115K [0x00000000c1800000, 0x0000000100000000)
  region size 1024K, 1 young (1024K), 1 survivors (1024K)
 Metaspace       used 8284K, committed 8576K, reserved 1114112K
  class space    used 1077K, committed 1216K, reserved 1048576K
}
Event: 5.387 GC heap before
{Heap before GC invocations=2 (full 0):
 garbage-first heap   total reserved 1024000K, committed 65536K, used 35739K [0x00000000c1800000, 0x0000000100000000)
  region size 1024K, 28 young (28672K), 1 survivors (1024K)
 Metaspace       used 15664K, committed 16064K, reserved 1114112K
  class space    used 2104K, committed 2304K, reserved 1048576K
}
Event: 5.398 GC heap after
{Heap after GC invocations=3 (full 0):
 garbage-first heap   total reserved 1024000K, committed 65536K, used 11313K [0x00000000c1800000, 0x0000000100000000)
  region size 1024K, 4 young (4096K), 4 survivors (4096K)
 Metaspace       used 15664K, committed 16064K, reserved 1114112K
  class space    used 2104K, committed 2304K, reserved 1048576K
}

